d:\tfs workspace\swork\sd_project\srt\winvnc\bin\obj\libzstd_win32_release\zstd_compress.obj
d:\tfs workspace\swork\sd_project\srt\winvnc\bin\obj\libzstd_win32_release\zstd_decompress.obj
d:\tfs workspace\swork\sd_project\srt\winvnc\bin\obj\libzstd_win32_release\fse_compress.obj
d:\tfs workspace\swork\sd_project\srt\winvnc\bin\obj\libzstd_win32_release\huf_decompress.obj
d:\tfs workspace\swork\sd_project\srt\winvnc\bin\obj\libzstd_win32_release\zstd_v01.obj
d:\tfs workspace\swork\sd_project\srt\winvnc\bin\obj\libzstd_win32_release\zstd_v06.obj
d:\tfs workspace\swork\sd_project\srt\winvnc\bin\obj\libzstd_win32_release\threading.obj
d:\tfs workspace\swork\sd_project\srt\winvnc\bin\obj\libzstd_win32_release\fastcover.obj
d:\tfs workspace\swork\sd_project\srt\winvnc\bin\obj\libzstd_win32_release\entropy_common.obj
d:\tfs workspace\swork\sd_project\srt\winvnc\bin\obj\libzstd_win32_release\zstd_ddict.obj
d:\tfs workspace\swork\sd_project\srt\winvnc\bin\obj\libzstd_win32_release\zstd_v05.obj
d:\tfs workspace\swork\sd_project\srt\winvnc\bin\obj\libzstd_win32_release\zstd_common.obj
d:\tfs workspace\swork\sd_project\srt\winvnc\bin\obj\libzstd_win32_release\zstd_lazy.obj
d:\tfs workspace\swork\sd_project\srt\winvnc\bin\obj\libzstd_win32_release\zstd_v02.obj
d:\tfs workspace\swork\sd_project\srt\winvnc\bin\obj\libzstd_win32_release\hist.obj
d:\tfs workspace\swork\sd_project\srt\winvnc\bin\obj\libzstd_win32_release\zstd_compress_superblock.obj
d:\tfs workspace\swork\sd_project\srt\winvnc\bin\obj\libzstd_win32_release\cover.obj
d:\tfs workspace\swork\sd_project\srt\winvnc\bin\obj\libzstd_win32_release\huf_compress.obj
d:\tfs workspace\swork\sd_project\srt\winvnc\bin\obj\libzstd_win32_release\zstd_ldm.obj
d:\tfs workspace\swork\sd_project\srt\winvnc\bin\obj\libzstd_win32_release\divsufsort.obj
d:\tfs workspace\swork\sd_project\srt\winvnc\bin\obj\libzstd_win32_release\zstd_v07.obj
d:\tfs workspace\swork\sd_project\srt\winvnc\bin\obj\libzstd_win32_release\fse_decompress.obj
d:\tfs workspace\swork\sd_project\srt\winvnc\bin\obj\libzstd_win32_release\zstd_opt.obj
d:\tfs workspace\swork\sd_project\srt\winvnc\bin\obj\libzstd_win32_release\zdict.obj
d:\tfs workspace\swork\sd_project\srt\winvnc\bin\obj\libzstd_win32_release\error_private.obj
d:\tfs workspace\swork\sd_project\srt\winvnc\bin\obj\libzstd_win32_release\zstd_compress_sequences.obj
d:\tfs workspace\swork\sd_project\srt\winvnc\bin\obj\libzstd_win32_release\zstdmt_compress.obj
d:\tfs workspace\swork\sd_project\srt\winvnc\bin\obj\libzstd_win32_release\debug.obj
d:\tfs workspace\swork\sd_project\srt\winvnc\bin\obj\libzstd_win32_release\zstd_compress_literals.obj
d:\tfs workspace\swork\sd_project\srt\winvnc\bin\obj\libzstd_win32_release\zstd_fast.obj
d:\tfs workspace\swork\sd_project\srt\winvnc\bin\obj\libzstd_win32_release\zstd_v04.obj
d:\tfs workspace\swork\sd_project\srt\winvnc\bin\obj\libzstd_win32_release\xxhash.obj
d:\tfs workspace\swork\sd_project\srt\winvnc\bin\obj\libzstd_win32_release\zstd_double_fast.obj
d:\tfs workspace\swork\sd_project\srt\winvnc\bin\obj\libzstd_win32_release\pool.obj
d:\tfs workspace\swork\sd_project\srt\winvnc\bin\obj\libzstd_win32_release\zstd_decompress_block.obj
d:\tfs workspace\swork\sd_project\srt\winvnc\bin\obj\libzstd_win32_release\zstd_v03.obj
d:\tfs workspace\swork\sd_project\srt\winvnc\bin\win32_release\libzstd_static.pdb
d:\tfs workspace\swork\sd_project\srt\winvnc\bin\win32_release\libzstd_static.lib
d:\tfs workspace\swork\sd_project\srt\winvnc\bin\obj\libzstd_win32_release\libzstd.tlog\cl.16660.write.1.tlog
d:\tfs workspace\swork\sd_project\srt\winvnc\bin\obj\libzstd_win32_release\libzstd.tlog\cl.command.1.tlog
d:\tfs workspace\swork\sd_project\srt\winvnc\bin\obj\libzstd_win32_release\libzstd.tlog\cl.read.1.tlog
d:\tfs workspace\swork\sd_project\srt\winvnc\bin\obj\libzstd_win32_release\libzstd.tlog\lib-link.read.1.tlog
d:\tfs workspace\swork\sd_project\srt\winvnc\bin\obj\libzstd_win32_release\libzstd.tlog\lib-link.write.1.tlog
d:\tfs workspace\swork\sd_project\srt\winvnc\bin\obj\libzstd_win32_release\libzstd.tlog\lib.command.1.tlog
