d:\tfs workspace\swork\sd_project\srt\winvnc\winvnc\x64\release\d3des.obj
d:\tfs workspace\swork\sd_project\srt\winvnc\winvnc\x64\release\minilzo.obj
d:\tfs workspace\swork\sd_project\srt\winvnc\winvnc\x64\release\vncauth.obj
d:\tfs workspace\swork\sd_project\srt\winvnc\winvnc\x64\release\cpuusage.obj
d:\tfs workspace\swork\sd_project\srt\winvnc\winvnc\x64\release\inifile.obj
d:\tfs workspace\swork\sd_project\srt\winvnc\winvnc\x64\release\stdhdrs.obj
d:\tfs workspace\swork\sd_project\srt\winvnc\winvnc\x64\release\vncacceptdialog.obj
d:\tfs workspace\swork\sd_project\srt\winvnc\winvnc\x64\release\vncdesktopsw.obj
d:\tfs workspace\swork\sd_project\srt\winvnc\winvnc\x64\release\vncencodexz.obj
d:\tfs workspace\swork\sd_project\srt\winvnc\winvnc\x64\release\vncosversion.obj
d:\tfs workspace\swork\sd_project\srt\winvnc\winvnc\x64\release\zipunzip32.obj
d:\tfs workspace\swork\sd_project\srt\winvnc\winvnc\x64\release\dh.obj
d:\tfs workspace\swork\sd_project\srt\winvnc\winvnc\x64\release\rfbregion_x11.obj
d:\tfs workspace\swork\sd_project\srt\winvnc\winvnc\x64\release\security.obj
d:\tfs workspace\swork\sd_project\srt\winvnc\winvnc\x64\release\tlsinternal.obj
d:\tfs workspace\swork\sd_project\srt\winvnc\winvnc\x64\release\vncencodehext.obj
d:\tfs workspace\swork\sd_project\srt\winvnc\winvnc\x64\release\vnchttpconnect.obj
d:\tfs workspace\swork\sd_project\srt\winvnc\winvnc\x64\release\vnctimedmsgbox.obj
d:\tfs workspace\swork\sd_project\srt\winvnc\winvnc\x64\release\winvnc.obj
d:\tfs workspace\swork\sd_project\srt\winvnc\winvnc\x64\release\deskdupengine.obj
d:\tfs workspace\swork\sd_project\srt\winvnc\winvnc\x64\release\screencapture.obj
d:\tfs workspace\swork\sd_project\srt\winvnc\winvnc\x64\release\vistahook.obj
d:\tfs workspace\swork\sd_project\srt\winvnc\winvnc\x64\release\vncencoderre.obj
d:\tfs workspace\swork\sd_project\srt\winvnc\winvnc\x64\release\vnckeymap.obj
d:\tfs workspace\swork\sd_project\srt\winvnc\winvnc\x64\release\vncsockconnect.obj
d:\tfs workspace\swork\sd_project\srt\winvnc\winvnc\x64\release\dtwinver.obj
d:\tfs workspace\swork\sd_project\srt\winvnc\winvnc\x64\release\rfbupdatetracker.obj
d:\tfs workspace\swork\sd_project\srt\winvnc\winvnc\x64\release\uvncuiaccess.obj
d:\tfs workspace\swork\sd_project\srt\winvnc\winvnc\x64\release\vncdesktop.obj
d:\tfs workspace\swork\sd_project\srt\winvnc\winvnc\x64\release\vncencodezrle.obj
d:\tfs workspace\swork\sd_project\srt\winvnc\winvnc\x64\release\vncsetauth.obj
d:\tfs workspace\swork\sd_project\srt\winvnc\winvnc\x64\release\black_layered.obj
d:\tfs workspace\swork\sd_project\srt\winvnc\winvnc\x64\release\hidedesktop.obj
d:\tfs workspace\swork\sd_project\srt\winvnc\winvnc\x64\release\vncabout.obj
d:\tfs workspace\swork\sd_project\srt\winvnc\winvnc\x64\release\vncdesktopsink.obj
d:\tfs workspace\swork\sd_project\srt\winvnc\winvnc\x64\release\vncencodeultra2.obj
d:\tfs workspace\swork\sd_project\srt\winvnc\winvnc\x64\release\vncproperties.obj
d:\tfs workspace\swork\sd_project\srt\winvnc\winvnc\x64\release\ultravncz.obj
d:\tfs workspace\swork\sd_project\srt\winvnc\winvnc\x64\release\initipp.obj
d:\tfs workspace\swork\sd_project\srt\winvnc\winvnc\x64\release\mousesimulator.obj
d:\tfs workspace\swork\sd_project\srt\winvnc\winvnc\x64\release\textchat.obj
d:\tfs workspace\swork\sd_project\srt\winvnc\winvnc\x64\release\vncencodercursor.obj
d:\tfs workspace\swork\sd_project\srt\winvnc\winvnc\x64\release\vnclistdlg.obj
d:\tfs workspace\swork\sd_project\srt\winvnc\winvnc\x64\release\win32_helpers.obj
d:\tfs workspace\swork\sd_project\srt\winvnc\winvnc\x64\release\clipboard.obj
d:\tfs workspace\swork\sd_project\srt\winvnc\winvnc\x64\release\service.obj
d:\tfs workspace\swork\sd_project\srt\winvnc\winvnc\x64\release\vncbuffer.obj
d:\tfs workspace\swork\sd_project\srt\winvnc\winvnc\x64\release\vncencodetight.obj
d:\tfs workspace\swork\sd_project\srt\winvnc\winvnc\x64\release\vnclog.obj
d:\tfs workspace\swork\sd_project\srt\winvnc\winvnc\x64\release\vncservice.obj
d:\tfs workspace\swork\sd_project\srt\winvnc\winvnc\x64\release\buildtime.obj
d:\tfs workspace\swork\sd_project\srt\winvnc\winvnc\x64\release\helpers.obj
d:\tfs workspace\swork\sd_project\srt\winvnc\winvnc\x64\release\service_motor.obj
d:\tfs workspace\swork\sd_project\srt\winvnc\winvnc\x64\release\videodrivercheck.obj
d:\tfs workspace\swork\sd_project\srt\winvnc\winvnc\x64\release\vncencodecorre.obj
d:\tfs workspace\swork\sd_project\srt\winvnc\winvnc\x64\release\vncencodezlib.obj
d:\tfs workspace\swork\sd_project\srt\winvnc\winvnc\x64\release\vncserver.obj
d:\tfs workspace\swork\sd_project\srt\winvnc\winvnc\x64\release\benchmark.obj
d:\tfs workspace\swork\sd_project\srt\winvnc\winvnc\x64\release\layeredwindows.obj
d:\tfs workspace\swork\sd_project\srt\winvnc\winvnc\x64\release\vncclient.obj
d:\tfs workspace\swork\sd_project\srt\winvnc\winvnc\x64\release\vncmenu.obj
d:\tfs workspace\swork\sd_project\srt\winvnc\winvnc\x64\release\getinfo.obj
d:\tfs workspace\swork\sd_project\srt\winvnc\winvnc\x64\release\ipc.obj
d:\tfs workspace\swork\sd_project\srt\winvnc\winvnc\x64\release\videodriver.obj
d:\tfs workspace\swork\sd_project\srt\winvnc\winvnc\x64\release\vncdesktopthread.obj
d:\tfs workspace\swork\sd_project\srt\winvnc\winvnc\x64\release\vncencodezlibhex.obj
d:\tfs workspace\swork\sd_project\srt\winvnc\winvnc\x64\release\vncpropertiespoll.obj
d:\tfs workspace\swork\sd_project\srt\winvnc\winvnc\x64\release\dsmplugin.obj
d:\tfs workspace\swork\sd_project\srt\winvnc\winvnc\x64\release\read_write_ini.obj
d:\tfs workspace\swork\sd_project\srt\winvnc\winvnc\x64\release\virtualdisplay.obj
d:\tfs workspace\swork\sd_project\srt\winvnc\winvnc\x64\release\vncencoder.obj
d:\tfs workspace\swork\sd_project\srt\winvnc\winvnc\x64\release\vncinsthandler.obj
d:\tfs workspace\swork\sd_project\srt\winvnc\winvnc\x64\release\vncmultimonitor.obj
d:\tfs workspace\swork\sd_project\srt\winvnc\winvnc\x64\release\cadthread.obj
d:\tfs workspace\swork\sd_project\srt\winvnc\winvnc\x64\release\rfbregion_win32.obj
d:\tfs workspace\swork\sd_project\srt\winvnc\winvnc\x64\release\translate.obj
d:\tfs workspace\swork\sd_project\srt\winvnc\winvnc\x64\release\vncconndialog.obj
d:\tfs workspace\swork\sd_project\srt\winvnc\winvnc\x64\release\vncencodeultra.obj
d:\tfs workspace\swork\sd_project\srt\winvnc\winvnc\x64\release\vncntlm.obj
d:\tfs workspace\swork\sd_project\srt\winvnc\winvnc\x64\release\vsocket.obj
d:\tfs workspace\swork\sd_project\srt\winvnc\winvnc\x64\release\vc142.pdb
d:\tfs workspace\swork\sd_project\srt\winvnc\winvnc\x64\release\softcampsrt_64.exe
d:\tfs workspace\swork\sd_project\srt\winvnc\winvnc\x64\release\softcampsrt_64.pdb
d:\tfs workspace\swork\sd_project\srt\winvnc\winvnc\x64\release\winvnc.res
d:\tfs workspace\swork\sd_project\srt\winvnc\winvnc\x64\release\winvnc.lib
d:\tfs workspace\swork\sd_project\srt\winvnc\winvnc\x64\release\winvnc.exp
d:\tfs workspace\swork\sd_project\srt\winvnc\winvnc\x64\release\winvnc.ipdb
d:\tfs workspace\swork\sd_project\srt\winvnc\winvnc\x64\release\winvnc.iobj
d:\tfs workspace\swork\sd_project\srt\winvnc\winvnc\x64\release\softcampsrt_64.lib
d:\tfs workspace\swork\sd_project\srt\winvnc\winvnc\x64\release\softcampsrt_64.exp
d:\tfs workspace\swork\sd_project\srt\winvnc\winvnc\x64\release\softcampsrt_64.ipdb
d:\tfs workspace\swork\sd_project\srt\winvnc\winvnc\x64\release\softcampsrt_64.iobj
d:\tfs workspace\swork\sd_project\srt\winvnc\winvnc\x64\release\winvnc.pdb
d:\tfs workspace\swork\sd_project\srt\winvnc\winvnc\x64\release\winvnc.tlog\cl.22280.write.1.tlog
d:\tfs workspace\swork\sd_project\srt\winvnc\winvnc\x64\release\winvnc.tlog\cl.command.1.tlog
d:\tfs workspace\swork\sd_project\srt\winvnc\winvnc\x64\release\winvnc.tlog\cl.read.1.tlog
d:\tfs workspace\swork\sd_project\srt\winvnc\winvnc\x64\release\winvnc.tlog\link.command.1.tlog
d:\tfs workspace\swork\sd_project\srt\winvnc\winvnc\x64\release\winvnc.tlog\link.read.1.tlog
d:\tfs workspace\swork\sd_project\srt\winvnc\winvnc\x64\release\winvnc.tlog\link.write.1.tlog
d:\tfs workspace\swork\sd_project\srt\winvnc\winvnc\x64\release\winvnc.tlog\rc.command.1.tlog
d:\tfs workspace\swork\sd_project\srt\winvnc\winvnc\x64\release\winvnc.tlog\rc.read.1.tlog
d:\tfs workspace\swork\sd_project\srt\winvnc\winvnc\x64\release\winvnc.tlog\rc.write.1.tlog
d:\tfs workspace\swork\sd_project\srt\winvnc\winvnc\x64\release\winvnc.tlog\winvnc.write.1u.tlog
