d:\tfs workspace\swork\sd_project\srt\winvnc\bin\x64_debug\libzstd_static.pdb
d:\tfs workspace\swork\sd_project\srt\winvnc\bin\obj\libzstd_x64_debug\zstd_ldm.obj
d:\tfs workspace\swork\sd_project\srt\winvnc\bin\obj\libzstd_x64_debug\zstd_opt.obj
d:\tfs workspace\swork\sd_project\srt\winvnc\bin\obj\libzstd_x64_debug\zstd_lazy.obj
d:\tfs workspace\swork\sd_project\srt\winvnc\bin\obj\libzstd_x64_debug\zstd_double_fast.obj
d:\tfs workspace\swork\sd_project\srt\winvnc\bin\obj\libzstd_x64_debug\zstd_fast.obj
d:\tfs workspace\swork\sd_project\srt\winvnc\bin\obj\libzstd_x64_debug\zstd_compress_superblock.obj
d:\tfs workspace\swork\sd_project\srt\winvnc\bin\obj\libzstd_x64_debug\zstd_compress_sequences.obj
d:\tfs workspace\swork\sd_project\srt\winvnc\bin\obj\libzstd_x64_debug\zstd_compress_literals.obj
d:\tfs workspace\swork\sd_project\srt\winvnc\bin\obj\libzstd_x64_debug\zstd_compress.obj
d:\tfs workspace\swork\sd_project\srt\winvnc\bin\obj\libzstd_x64_debug\huf_compress.obj
d:\tfs workspace\swork\sd_project\srt\winvnc\bin\obj\libzstd_x64_debug\fse_compress.obj
d:\tfs workspace\swork\sd_project\srt\winvnc\bin\obj\libzstd_x64_debug\fse_decompress.obj
d:\tfs workspace\swork\sd_project\srt\winvnc\bin\obj\libzstd_x64_debug\zstd_common.obj
d:\tfs workspace\swork\sd_project\srt\winvnc\bin\obj\libzstd_x64_debug\xxhash.obj
d:\tfs workspace\swork\sd_project\srt\winvnc\bin\obj\libzstd_x64_debug\error_private.obj
d:\tfs workspace\swork\sd_project\srt\winvnc\bin\obj\libzstd_x64_debug\hist.obj
d:\tfs workspace\swork\sd_project\srt\winvnc\bin\obj\libzstd_x64_debug\entropy_common.obj
d:\tfs workspace\swork\sd_project\srt\winvnc\bin\obj\libzstd_x64_debug\threading.obj
d:\tfs workspace\swork\sd_project\srt\winvnc\bin\obj\libzstd_x64_debug\debug.obj
d:\tfs workspace\swork\sd_project\srt\winvnc\bin\obj\libzstd_x64_debug\pool.obj
d:\tfs workspace\swork\sd_project\srt\winvnc\bin\obj\libzstd_x64_debug\zstd_v07.obj
d:\tfs workspace\swork\sd_project\srt\winvnc\bin\obj\libzstd_x64_debug\zstd_v06.obj
d:\tfs workspace\swork\sd_project\srt\winvnc\bin\obj\libzstd_x64_debug\zstd_v05.obj
d:\tfs workspace\swork\sd_project\srt\winvnc\bin\obj\libzstd_x64_debug\zstd_v04.obj
d:\tfs workspace\swork\sd_project\srt\winvnc\bin\obj\libzstd_x64_debug\zstd_v03.obj
d:\tfs workspace\swork\sd_project\srt\winvnc\bin\obj\libzstd_x64_debug\zstd_v02.obj
d:\tfs workspace\swork\sd_project\srt\winvnc\bin\obj\libzstd_x64_debug\zstd_v01.obj
d:\tfs workspace\swork\sd_project\srt\winvnc\bin\obj\libzstd_x64_debug\zdict.obj
d:\tfs workspace\swork\sd_project\srt\winvnc\bin\obj\libzstd_x64_debug\divsufsort.obj
d:\tfs workspace\swork\sd_project\srt\winvnc\bin\obj\libzstd_x64_debug\fastcover.obj
d:\tfs workspace\swork\sd_project\srt\winvnc\bin\obj\libzstd_x64_debug\cover.obj
d:\tfs workspace\swork\sd_project\srt\winvnc\bin\obj\libzstd_x64_debug\zstd_ddict.obj
d:\tfs workspace\swork\sd_project\srt\winvnc\bin\obj\libzstd_x64_debug\zstd_decompress_block.obj
d:\tfs workspace\swork\sd_project\srt\winvnc\bin\obj\libzstd_x64_debug\zstd_decompress.obj
d:\tfs workspace\swork\sd_project\srt\winvnc\bin\obj\libzstd_x64_debug\huf_decompress.obj
d:\tfs workspace\swork\sd_project\srt\winvnc\bin\obj\libzstd_x64_debug\zstdmt_compress.obj
d:\tfs workspace\swork\sd_project\srt\winvnc\bin\x64_debug\libzstd_static.lib
d:\tfs workspace\swork\sd_project\srt\winvnc\bin\obj\libzstd_x64_debug\libzstd.tlog\cl.command.1.tlog
d:\tfs workspace\swork\sd_project\srt\winvnc\bin\obj\libzstd_x64_debug\libzstd.tlog\cl.read.1.tlog
d:\tfs workspace\swork\sd_project\srt\winvnc\bin\obj\libzstd_x64_debug\libzstd.tlog\cl.write.1.tlog
d:\tfs workspace\swork\sd_project\srt\winvnc\bin\obj\libzstd_x64_debug\libzstd.tlog\lib-link.read.1.tlog
d:\tfs workspace\swork\sd_project\srt\winvnc\bin\obj\libzstd_x64_debug\libzstd.tlog\lib-link.write.1.tlog
d:\tfs workspace\swork\sd_project\srt\winvnc\bin\obj\libzstd_x64_debug\libzstd.tlog\lib.command.1.tlog
