d:\tfs workspace\swork\sd_project\srt\winvnc\debug\winvnc.bsc
d:\tfs workspace\swork\sd_project\srt\winvnc\winvnc\x64\debug\vc142.pdb
d:\tfs workspace\swork\sd_project\srt\winvnc\winvnc\x64\debug\vc142.idb
d:\tfs workspace\swork\sd_project\srt\winvnc\debug\zipunzip32.sbr
d:\tfs workspace\swork\sd_project\srt\winvnc\debug\winvnc.sbr
d:\tfs workspace\swork\sd_project\srt\winvnc\debug\win32_helpers.sbr
d:\tfs workspace\swork\sd_project\srt\winvnc\debug\vsocket.sbr
d:\tfs workspace\swork\sd_project\srt\winvnc\debug\vnctimedmsgbox.sbr
d:\tfs workspace\swork\sd_project\srt\winvnc\debug\vncsockconnect.sbr
d:\tfs workspace\swork\sd_project\srt\winvnc\debug\vncsetauth.sbr
d:\tfs workspace\swork\sd_project\srt\winvnc\debug\vncservice.sbr
d:\tfs workspace\swork\sd_project\srt\winvnc\debug\vncserver.sbr
d:\tfs workspace\swork\sd_project\srt\winvnc\debug\vncpropertiespoll.sbr
d:\tfs workspace\swork\sd_project\srt\winvnc\debug\vncproperties.sbr
d:\tfs workspace\swork\sd_project\srt\winvnc\debug\vncosversion.sbr
d:\tfs workspace\swork\sd_project\srt\winvnc\debug\vncntlm.sbr
d:\tfs workspace\swork\sd_project\srt\winvnc\debug\vncmultimonitor.sbr
d:\tfs workspace\swork\sd_project\srt\winvnc\debug\vncmenu.sbr
d:\tfs workspace\swork\sd_project\srt\winvnc\debug\vnclog.sbr
d:\tfs workspace\swork\sd_project\srt\winvnc\debug\vnclistdlg.sbr
d:\tfs workspace\swork\sd_project\srt\winvnc\debug\vnckeymap.sbr
d:\tfs workspace\swork\sd_project\srt\winvnc\debug\vncinsthandler.sbr
d:\tfs workspace\swork\sd_project\srt\winvnc\debug\vnchttpconnect.sbr
d:\tfs workspace\swork\sd_project\srt\winvnc\winvnc\x64\debug\vnchttpconnect.obj
d:\tfs workspace\swork\sd_project\srt\winvnc\winvnc\x64\debug\vncinsthandler.obj
d:\tfs workspace\swork\sd_project\srt\winvnc\winvnc\x64\debug\vnckeymap.obj
d:\tfs workspace\swork\sd_project\srt\winvnc\winvnc\x64\debug\vnclistdlg.obj
d:\tfs workspace\swork\sd_project\srt\winvnc\winvnc\x64\debug\vnclog.obj
d:\tfs workspace\swork\sd_project\srt\winvnc\winvnc\x64\debug\vncmenu.obj
d:\tfs workspace\swork\sd_project\srt\winvnc\winvnc\x64\debug\vncmultimonitor.obj
d:\tfs workspace\swork\sd_project\srt\winvnc\winvnc\x64\debug\vncntlm.obj
d:\tfs workspace\swork\sd_project\srt\winvnc\winvnc\x64\debug\vncosversion.obj
d:\tfs workspace\swork\sd_project\srt\winvnc\winvnc\x64\debug\vncproperties.obj
d:\tfs workspace\swork\sd_project\srt\winvnc\winvnc\x64\debug\vncpropertiespoll.obj
d:\tfs workspace\swork\sd_project\srt\winvnc\winvnc\x64\debug\vncserver.obj
d:\tfs workspace\swork\sd_project\srt\winvnc\winvnc\x64\debug\vncservice.obj
d:\tfs workspace\swork\sd_project\srt\winvnc\winvnc\x64\debug\vncsetauth.obj
d:\tfs workspace\swork\sd_project\srt\winvnc\winvnc\x64\debug\vncsockconnect.obj
d:\tfs workspace\swork\sd_project\srt\winvnc\winvnc\x64\debug\vnctimedmsgbox.obj
d:\tfs workspace\swork\sd_project\srt\winvnc\winvnc\x64\debug\vsocket.obj
d:\tfs workspace\swork\sd_project\srt\winvnc\winvnc\x64\debug\win32_helpers.obj
d:\tfs workspace\swork\sd_project\srt\winvnc\winvnc\x64\debug\winvnc.obj
d:\tfs workspace\swork\sd_project\srt\winvnc\winvnc\x64\debug\zipunzip32.obj
d:\tfs workspace\swork\sd_project\srt\winvnc\debug\vncencodezrle.sbr
d:\tfs workspace\swork\sd_project\srt\winvnc\debug\vncencodezlibhex.sbr
d:\tfs workspace\swork\sd_project\srt\winvnc\debug\vncencodezlib.sbr
d:\tfs workspace\swork\sd_project\srt\winvnc\debug\vncencodexz.sbr
d:\tfs workspace\swork\sd_project\srt\winvnc\debug\vncencodeultra2.sbr
d:\tfs workspace\swork\sd_project\srt\winvnc\debug\vncencodeultra.sbr
d:\tfs workspace\swork\sd_project\srt\winvnc\debug\vncencodetight.sbr
d:\tfs workspace\swork\sd_project\srt\winvnc\debug\vncencoderre.sbr
d:\tfs workspace\swork\sd_project\srt\winvnc\debug\vncencodercursor.sbr
d:\tfs workspace\swork\sd_project\srt\winvnc\debug\vncencoder.sbr
d:\tfs workspace\swork\sd_project\srt\winvnc\debug\vncencodehext.sbr
d:\tfs workspace\swork\sd_project\srt\winvnc\debug\vncencodecorre.sbr
d:\tfs workspace\swork\sd_project\srt\winvnc\debug\vncdesktopthread.sbr
d:\tfs workspace\swork\sd_project\srt\winvnc\debug\vncdesktopsw.sbr
d:\tfs workspace\swork\sd_project\srt\winvnc\debug\vncdesktopsink.sbr
d:\tfs workspace\swork\sd_project\srt\winvnc\debug\vncdesktop.sbr
d:\tfs workspace\swork\sd_project\srt\winvnc\debug\vncconndialog.sbr
d:\tfs workspace\swork\sd_project\srt\winvnc\debug\vncclient.sbr
d:\tfs workspace\swork\sd_project\srt\winvnc\debug\vncbuffer.sbr
d:\tfs workspace\swork\sd_project\srt\winvnc\debug\vncacceptdialog.sbr
d:\tfs workspace\swork\sd_project\srt\winvnc\winvnc\x64\debug\vncacceptdialog.obj
d:\tfs workspace\swork\sd_project\srt\winvnc\winvnc\x64\debug\vncbuffer.obj
d:\tfs workspace\swork\sd_project\srt\winvnc\winvnc\x64\debug\vncclient.obj
d:\tfs workspace\swork\sd_project\srt\winvnc\winvnc\x64\debug\vncconndialog.obj
d:\tfs workspace\swork\sd_project\srt\winvnc\winvnc\x64\debug\vncdesktop.obj
d:\tfs workspace\swork\sd_project\srt\winvnc\winvnc\x64\debug\vncdesktopsink.obj
d:\tfs workspace\swork\sd_project\srt\winvnc\winvnc\x64\debug\vncdesktopsw.obj
d:\tfs workspace\swork\sd_project\srt\winvnc\winvnc\x64\debug\vncdesktopthread.obj
d:\tfs workspace\swork\sd_project\srt\winvnc\winvnc\x64\debug\vncencodecorre.obj
d:\tfs workspace\swork\sd_project\srt\winvnc\winvnc\x64\debug\vncencodehext.obj
d:\tfs workspace\swork\sd_project\srt\winvnc\winvnc\x64\debug\vncencoder.obj
d:\tfs workspace\swork\sd_project\srt\winvnc\winvnc\x64\debug\vncencodercursor.obj
d:\tfs workspace\swork\sd_project\srt\winvnc\winvnc\x64\debug\vncencoderre.obj
d:\tfs workspace\swork\sd_project\srt\winvnc\winvnc\x64\debug\vncencodetight.obj
d:\tfs workspace\swork\sd_project\srt\winvnc\winvnc\x64\debug\vncencodeultra.obj
d:\tfs workspace\swork\sd_project\srt\winvnc\winvnc\x64\debug\vncencodeultra2.obj
d:\tfs workspace\swork\sd_project\srt\winvnc\winvnc\x64\debug\vncencodexz.obj
d:\tfs workspace\swork\sd_project\srt\winvnc\winvnc\x64\debug\vncencodezlib.obj
d:\tfs workspace\swork\sd_project\srt\winvnc\winvnc\x64\debug\vncencodezlibhex.obj
d:\tfs workspace\swork\sd_project\srt\winvnc\winvnc\x64\debug\vncencodezrle.obj
d:\tfs workspace\swork\sd_project\srt\winvnc\debug\vncabout.sbr
d:\tfs workspace\swork\sd_project\srt\winvnc\debug\vistahook.sbr
d:\tfs workspace\swork\sd_project\srt\winvnc\debug\virtualdisplay.sbr
d:\tfs workspace\swork\sd_project\srt\winvnc\debug\videodrivercheck.sbr
d:\tfs workspace\swork\sd_project\srt\winvnc\debug\videodriver.sbr
d:\tfs workspace\swork\sd_project\srt\winvnc\debug\uvncuiaccess.sbr
d:\tfs workspace\swork\sd_project\srt\winvnc\debug\translate.sbr
d:\tfs workspace\swork\sd_project\srt\winvnc\debug\tlsinternal.sbr
d:\tfs workspace\swork\sd_project\srt\winvnc\debug\textchat.sbr
d:\tfs workspace\swork\sd_project\srt\winvnc\debug\stdhdrs.sbr
d:\tfs workspace\swork\sd_project\srt\winvnc\debug\service_motor.sbr
d:\tfs workspace\swork\sd_project\srt\winvnc\debug\service.sbr
d:\tfs workspace\swork\sd_project\srt\winvnc\debug\security.sbr
d:\tfs workspace\swork\sd_project\srt\winvnc\debug\screencapture.sbr
d:\tfs workspace\swork\sd_project\srt\winvnc\debug\rfbupdatetracker.sbr
d:\tfs workspace\swork\sd_project\srt\winvnc\debug\rfbregion_x11.sbr
d:\tfs workspace\swork\sd_project\srt\winvnc\debug\rfbregion_win32.sbr
d:\tfs workspace\swork\sd_project\srt\winvnc\debug\read_write_ini.sbr
d:\tfs workspace\swork\sd_project\srt\winvnc\debug\mousesimulator.sbr
d:\tfs workspace\swork\sd_project\srt\winvnc\debug\layeredwindows.sbr
d:\tfs workspace\swork\sd_project\srt\winvnc\winvnc\x64\debug\layeredwindows.obj
d:\tfs workspace\swork\sd_project\srt\winvnc\winvnc\x64\debug\mousesimulator.obj
d:\tfs workspace\swork\sd_project\srt\winvnc\winvnc\x64\debug\read_write_ini.obj
d:\tfs workspace\swork\sd_project\srt\winvnc\winvnc\x64\debug\rfbregion_win32.obj
d:\tfs workspace\swork\sd_project\srt\winvnc\winvnc\x64\debug\rfbregion_x11.obj
d:\tfs workspace\swork\sd_project\srt\winvnc\winvnc\x64\debug\rfbupdatetracker.obj
d:\tfs workspace\swork\sd_project\srt\winvnc\winvnc\x64\debug\screencapture.obj
d:\tfs workspace\swork\sd_project\srt\winvnc\winvnc\x64\debug\security.obj
d:\tfs workspace\swork\sd_project\srt\winvnc\winvnc\x64\debug\service.obj
d:\tfs workspace\swork\sd_project\srt\winvnc\winvnc\x64\debug\service_motor.obj
d:\tfs workspace\swork\sd_project\srt\winvnc\winvnc\x64\debug\stdhdrs.obj
d:\tfs workspace\swork\sd_project\srt\winvnc\winvnc\x64\debug\textchat.obj
d:\tfs workspace\swork\sd_project\srt\winvnc\winvnc\x64\debug\tlsinternal.obj
d:\tfs workspace\swork\sd_project\srt\winvnc\winvnc\x64\debug\translate.obj
d:\tfs workspace\swork\sd_project\srt\winvnc\winvnc\x64\debug\uvncuiaccess.obj
d:\tfs workspace\swork\sd_project\srt\winvnc\winvnc\x64\debug\videodriver.obj
d:\tfs workspace\swork\sd_project\srt\winvnc\winvnc\x64\debug\videodrivercheck.obj
d:\tfs workspace\swork\sd_project\srt\winvnc\winvnc\x64\debug\virtualdisplay.obj
d:\tfs workspace\swork\sd_project\srt\winvnc\winvnc\x64\debug\vistahook.obj
d:\tfs workspace\swork\sd_project\srt\winvnc\winvnc\x64\debug\vncabout.obj
d:\tfs workspace\swork\sd_project\srt\winvnc\debug\ipc.sbr
d:\tfs workspace\swork\sd_project\srt\winvnc\debug\initipp.sbr
d:\tfs workspace\swork\sd_project\srt\winvnc\debug\inifile.sbr
d:\tfs workspace\swork\sd_project\srt\winvnc\debug\hidedesktop.sbr
d:\tfs workspace\swork\sd_project\srt\winvnc\debug\helpers.sbr
d:\tfs workspace\swork\sd_project\srt\winvnc\debug\getinfo.sbr
d:\tfs workspace\swork\sd_project\srt\winvnc\debug\dtwinver.sbr
d:\tfs workspace\swork\sd_project\srt\winvnc\debug\deskdupengine.sbr
d:\tfs workspace\swork\sd_project\srt\winvnc\debug\dsmplugin.sbr
d:\tfs workspace\swork\sd_project\srt\winvnc\debug\dh.sbr
d:\tfs workspace\swork\sd_project\srt\winvnc\debug\cpuusage.sbr
d:\tfs workspace\swork\sd_project\srt\winvnc\debug\cadthread.sbr
d:\tfs workspace\swork\sd_project\srt\winvnc\debug\buildtime.sbr
d:\tfs workspace\swork\sd_project\srt\winvnc\debug\black_layered.sbr
d:\tfs workspace\swork\sd_project\srt\winvnc\debug\benchmark.sbr
d:\tfs workspace\swork\sd_project\srt\winvnc\debug\ultravncz.sbr
d:\tfs workspace\swork\sd_project\srt\winvnc\debug\clipboard.sbr
d:\tfs workspace\swork\sd_project\srt\winvnc\winvnc\x64\debug\clipboard.obj
d:\tfs workspace\swork\sd_project\srt\winvnc\winvnc\x64\debug\ultravncz.obj
d:\tfs workspace\swork\sd_project\srt\winvnc\winvnc\x64\debug\benchmark.obj
d:\tfs workspace\swork\sd_project\srt\winvnc\winvnc\x64\debug\black_layered.obj
d:\tfs workspace\swork\sd_project\srt\winvnc\winvnc\x64\debug\buildtime.obj
d:\tfs workspace\swork\sd_project\srt\winvnc\winvnc\x64\debug\cadthread.obj
d:\tfs workspace\swork\sd_project\srt\winvnc\winvnc\x64\debug\cpuusage.obj
d:\tfs workspace\swork\sd_project\srt\winvnc\winvnc\x64\debug\dh.obj
d:\tfs workspace\swork\sd_project\srt\winvnc\winvnc\x64\debug\dsmplugin.obj
d:\tfs workspace\swork\sd_project\srt\winvnc\winvnc\x64\debug\deskdupengine.obj
d:\tfs workspace\swork\sd_project\srt\winvnc\winvnc\x64\debug\dtwinver.obj
d:\tfs workspace\swork\sd_project\srt\winvnc\winvnc\x64\debug\getinfo.obj
d:\tfs workspace\swork\sd_project\srt\winvnc\winvnc\x64\debug\helpers.obj
d:\tfs workspace\swork\sd_project\srt\winvnc\winvnc\x64\debug\hidedesktop.obj
d:\tfs workspace\swork\sd_project\srt\winvnc\winvnc\x64\debug\inifile.obj
d:\tfs workspace\swork\sd_project\srt\winvnc\winvnc\x64\debug\initipp.obj
d:\tfs workspace\swork\sd_project\srt\winvnc\winvnc\x64\debug\ipc.obj
d:\tfs workspace\swork\sd_project\srt\winvnc\debug\vncauth.sbr
d:\tfs workspace\swork\sd_project\srt\winvnc\debug\minilzo.sbr
d:\tfs workspace\swork\sd_project\srt\winvnc\debug\d3des.sbr
d:\tfs workspace\swork\sd_project\srt\winvnc\winvnc\x64\debug\d3des.obj
d:\tfs workspace\swork\sd_project\srt\winvnc\winvnc\x64\debug\minilzo.obj
d:\tfs workspace\swork\sd_project\srt\winvnc\winvnc\x64\debug\vncauth.obj
d:\tfs workspace\swork\sd_project\srt\winvnc\winvnc\x64\debug\softcampsrt.exe
d:\tfs workspace\swork\sd_project\srt\winvnc\winvnc\x64\debug\winvnc.pdb
d:\tfs workspace\swork\sd_project\srt\winvnc\winvnc\x64\debug\winvnc.res
d:\tfs workspace\swork\sd_project\srt\winvnc\winvnc\x64\debug\winvnc.lib
d:\tfs workspace\swork\sd_project\srt\winvnc\winvnc\x64\debug\winvnc.exp
d:\tfs workspace\swork\sd_project\srt\winvnc\winvnc\x64\debug\winvnc.tlog\bscmake.command.1.tlog
d:\tfs workspace\swork\sd_project\srt\winvnc\winvnc\x64\debug\winvnc.tlog\bscmake.read.1.tlog
d:\tfs workspace\swork\sd_project\srt\winvnc\winvnc\x64\debug\winvnc.tlog\bscmake.write.1.tlog
d:\tfs workspace\swork\sd_project\srt\winvnc\winvnc\x64\debug\winvnc.tlog\cl.command.1.tlog
d:\tfs workspace\swork\sd_project\srt\winvnc\winvnc\x64\debug\winvnc.tlog\cl.read.1.tlog
d:\tfs workspace\swork\sd_project\srt\winvnc\winvnc\x64\debug\winvnc.tlog\cl.write.1.tlog
d:\tfs workspace\swork\sd_project\srt\winvnc\winvnc\x64\debug\winvnc.tlog\link.command.1.tlog
d:\tfs workspace\swork\sd_project\srt\winvnc\winvnc\x64\debug\winvnc.tlog\link.read.1.tlog
d:\tfs workspace\swork\sd_project\srt\winvnc\winvnc\x64\debug\winvnc.tlog\link.write.1.tlog
d:\tfs workspace\swork\sd_project\srt\winvnc\winvnc\x64\debug\winvnc.tlog\rc.command.1.tlog
d:\tfs workspace\swork\sd_project\srt\winvnc\winvnc\x64\debug\winvnc.tlog\rc.read.1.tlog
d:\tfs workspace\swork\sd_project\srt\winvnc\winvnc\x64\debug\winvnc.tlog\rc.write.1.tlog
d:\tfs workspace\swork\sd_project\srt\winvnc\winvnc\x64\debug\winvnc.tlog\winvnc.write.1u.tlog
