d:\tfs workspace\swork\sd_project\srt\winvnc\winvnc\release\vc142.pdb
d:\tfs workspace\swork\sd_project\srt\winvnc\winvnc\release\read_write_ini.obj
d:\tfs workspace\swork\sd_project\srt\winvnc\winvnc\release\mousesimulator.obj
d:\tfs workspace\swork\sd_project\srt\winvnc\winvnc\release\layeredwindows.obj
d:\tfs workspace\swork\sd_project\srt\winvnc\winvnc\release\ipc.obj
d:\tfs workspace\swork\sd_project\srt\winvnc\winvnc\release\initipp.obj
d:\tfs workspace\swork\sd_project\srt\winvnc\winvnc\release\inifile.obj
d:\tfs workspace\swork\sd_project\srt\winvnc\winvnc\release\hidedesktop.obj
d:\tfs workspace\swork\sd_project\srt\winvnc\winvnc\release\helpers.obj
d:\tfs workspace\swork\sd_project\srt\winvnc\winvnc\release\getinfo.obj
d:\tfs workspace\swork\sd_project\srt\winvnc\winvnc\release\dtwinver.obj
d:\tfs workspace\swork\sd_project\srt\winvnc\winvnc\release\deskdupengine.obj
d:\tfs workspace\swork\sd_project\srt\winvnc\winvnc\release\dsmplugin.obj
d:\tfs workspace\swork\sd_project\srt\winvnc\winvnc\release\dh.obj
d:\tfs workspace\swork\sd_project\srt\winvnc\winvnc\release\cpuusage.obj
d:\tfs workspace\swork\sd_project\srt\winvnc\winvnc\release\cadthread.obj
d:\tfs workspace\swork\sd_project\srt\winvnc\winvnc\release\buildtime.obj
d:\tfs workspace\swork\sd_project\srt\winvnc\winvnc\release\black_layered.obj
d:\tfs workspace\swork\sd_project\srt\winvnc\winvnc\release\benchmark.obj
d:\tfs workspace\swork\sd_project\srt\winvnc\winvnc\release\ultravncz.obj
d:\tfs workspace\swork\sd_project\srt\winvnc\winvnc\release\clipboard.obj
d:\tfs workspace\swork\sd_project\srt\winvnc\winvnc\release\vncclient.obj
d:\tfs workspace\swork\sd_project\srt\winvnc\winvnc\release\vncbuffer.obj
d:\tfs workspace\swork\sd_project\srt\winvnc\winvnc\release\vncacceptdialog.obj
d:\tfs workspace\swork\sd_project\srt\winvnc\winvnc\release\vncabout.obj
d:\tfs workspace\swork\sd_project\srt\winvnc\winvnc\release\vistahook.obj
d:\tfs workspace\swork\sd_project\srt\winvnc\winvnc\release\virtualdisplay.obj
d:\tfs workspace\swork\sd_project\srt\winvnc\winvnc\release\videodrivercheck.obj
d:\tfs workspace\swork\sd_project\srt\winvnc\winvnc\release\videodriver.obj
d:\tfs workspace\swork\sd_project\srt\winvnc\winvnc\release\uvncuiaccess.obj
d:\tfs workspace\swork\sd_project\srt\winvnc\winvnc\release\translate.obj
d:\tfs workspace\swork\sd_project\srt\winvnc\winvnc\release\tlsinternal.obj
d:\tfs workspace\swork\sd_project\srt\winvnc\winvnc\release\textchat.obj
d:\tfs workspace\swork\sd_project\srt\winvnc\winvnc\release\stdhdrs.obj
d:\tfs workspace\swork\sd_project\srt\winvnc\winvnc\release\service_motor.obj
d:\tfs workspace\swork\sd_project\srt\winvnc\winvnc\release\service.obj
d:\tfs workspace\swork\sd_project\srt\winvnc\winvnc\release\security.obj
d:\tfs workspace\swork\sd_project\srt\winvnc\winvnc\release\screencapture.obj
d:\tfs workspace\swork\sd_project\srt\winvnc\winvnc\release\rfbupdatetracker.obj
d:\tfs workspace\swork\sd_project\srt\winvnc\winvnc\release\rfbregion_x11.obj
d:\tfs workspace\swork\sd_project\srt\winvnc\winvnc\release\rfbregion_win32.obj
d:\tfs workspace\swork\sd_project\srt\winvnc\winvnc\release\vnckeymap.obj
d:\tfs workspace\swork\sd_project\srt\winvnc\winvnc\release\vncinsthandler.obj
d:\tfs workspace\swork\sd_project\srt\winvnc\winvnc\release\vnchttpconnect.obj
d:\tfs workspace\swork\sd_project\srt\winvnc\winvnc\release\vncencodezrle.obj
d:\tfs workspace\swork\sd_project\srt\winvnc\winvnc\release\vncencodezlibhex.obj
d:\tfs workspace\swork\sd_project\srt\winvnc\winvnc\release\vncencodezlib.obj
d:\tfs workspace\swork\sd_project\srt\winvnc\winvnc\release\vncencodexz.obj
d:\tfs workspace\swork\sd_project\srt\winvnc\winvnc\release\vncencodeultra2.obj
d:\tfs workspace\swork\sd_project\srt\winvnc\winvnc\release\vncencodeultra.obj
d:\tfs workspace\swork\sd_project\srt\winvnc\winvnc\release\vncencodetight.obj
d:\tfs workspace\swork\sd_project\srt\winvnc\winvnc\release\vncencoderre.obj
d:\tfs workspace\swork\sd_project\srt\winvnc\winvnc\release\vncencodercursor.obj
d:\tfs workspace\swork\sd_project\srt\winvnc\winvnc\release\vncencoder.obj
d:\tfs workspace\swork\sd_project\srt\winvnc\winvnc\release\vncencodehext.obj
d:\tfs workspace\swork\sd_project\srt\winvnc\winvnc\release\vncencodecorre.obj
d:\tfs workspace\swork\sd_project\srt\winvnc\winvnc\release\vncdesktopthread.obj
d:\tfs workspace\swork\sd_project\srt\winvnc\winvnc\release\vncdesktopsw.obj
d:\tfs workspace\swork\sd_project\srt\winvnc\winvnc\release\vncdesktopsink.obj
d:\tfs workspace\swork\sd_project\srt\winvnc\winvnc\release\vncdesktop.obj
d:\tfs workspace\swork\sd_project\srt\winvnc\winvnc\release\vncconndialog.obj
d:\tfs workspace\swork\sd_project\srt\winvnc\winvnc\release\zipunzip32.obj
d:\tfs workspace\swork\sd_project\srt\winvnc\winvnc\release\winvnc.obj
d:\tfs workspace\swork\sd_project\srt\winvnc\winvnc\release\win32_helpers.obj
d:\tfs workspace\swork\sd_project\srt\winvnc\winvnc\release\vsocket.obj
d:\tfs workspace\swork\sd_project\srt\winvnc\winvnc\release\vnctimedmsgbox.obj
d:\tfs workspace\swork\sd_project\srt\winvnc\winvnc\release\vncsockconnect.obj
d:\tfs workspace\swork\sd_project\srt\winvnc\winvnc\release\vncsetauth.obj
d:\tfs workspace\swork\sd_project\srt\winvnc\winvnc\release\vncservice.obj
d:\tfs workspace\swork\sd_project\srt\winvnc\winvnc\release\vncserver.obj
d:\tfs workspace\swork\sd_project\srt\winvnc\winvnc\release\vncpropertiespoll.obj
d:\tfs workspace\swork\sd_project\srt\winvnc\winvnc\release\vncproperties.obj
d:\tfs workspace\swork\sd_project\srt\winvnc\winvnc\release\vncosversion.obj
d:\tfs workspace\swork\sd_project\srt\winvnc\winvnc\release\vncntlm.obj
d:\tfs workspace\swork\sd_project\srt\winvnc\winvnc\release\vncmultimonitor.obj
d:\tfs workspace\swork\sd_project\srt\winvnc\winvnc\release\vncmenu.obj
d:\tfs workspace\swork\sd_project\srt\winvnc\winvnc\release\vnclog.obj
d:\tfs workspace\swork\sd_project\srt\winvnc\winvnc\release\vnclistdlg.obj
d:\tfs workspace\swork\sd_project\srt\winvnc\winvnc\release\vncauth.obj
d:\tfs workspace\swork\sd_project\srt\winvnc\winvnc\release\minilzo.obj
d:\tfs workspace\swork\sd_project\srt\winvnc\winvnc\release\d3des.obj
d:\tfs workspace\swork\sd_project\srt\winvnc\release\winvnc.exe
d:\tfs workspace\swork\sd_project\srt\winvnc\winvnc\release\winvnc.iobj
d:\tfs workspace\swork\sd_project\srt\winvnc\release\winvnc.pdb
d:\tfs workspace\swork\sd_project\srt\winvnc\release\softcampsrt.exe
d:\tfs workspace\swork\sd_project\srt\winvnc\winvnc\release\softcampsrt.iobj
d:\tfs workspace\swork\sd_project\srt\winvnc\release\softcampsrt.pdb
d:\tfs workspace\swork\sd_project\srt\winvnc\winvnc\release\winvnc.res
d:\tfs workspace\swork\sd_project\srt\winvnc\release\winvnc.lib
d:\tfs workspace\swork\sd_project\srt\winvnc\release\winvnc.exp
d:\tfs workspace\swork\sd_project\srt\winvnc\release\softcampsrt.lib
d:\tfs workspace\swork\sd_project\srt\winvnc\release\softcampsrt.exp
d:\tfs workspace\swork\sd_project\srt\winvnc\winvnc\release\winvnc.tlog\cl.command.1.tlog
d:\tfs workspace\swork\sd_project\srt\winvnc\winvnc\release\winvnc.tlog\cl.read.1.tlog
d:\tfs workspace\swork\sd_project\srt\winvnc\winvnc\release\winvnc.tlog\cl.write.1.tlog
d:\tfs workspace\swork\sd_project\srt\winvnc\winvnc\release\winvnc.tlog\link.command.1.tlog
d:\tfs workspace\swork\sd_project\srt\winvnc\winvnc\release\winvnc.tlog\link.read.1.tlog
d:\tfs workspace\swork\sd_project\srt\winvnc\winvnc\release\winvnc.tlog\link.write.1.tlog
d:\tfs workspace\swork\sd_project\srt\winvnc\winvnc\release\winvnc.tlog\rc.command.1.tlog
d:\tfs workspace\swork\sd_project\srt\winvnc\winvnc\release\winvnc.tlog\rc.read.1.tlog
d:\tfs workspace\swork\sd_project\srt\winvnc\winvnc\release\winvnc.tlog\rc.write.1.tlog
d:\tfs workspace\swork\sd_project\srt\winvnc\winvnc\release\winvnc.tlog\winvnc.write.1u.tlog
