  pool.c
  debug.c
  threading.c
  entropy_common.c
  hist.c
  error_private.c
  xxhash.c
  zstd_common.c
  fse_decompress.c
  fse_compress.c
  huf_compress.c
  zstd_compress.c
  zstd_compress_literals.c
  zstd_compress_sequences.c
  zstd_compress_superblock.c
  zstd_fast.c
  zstd_double_fast.c
  zstd_lazy.c
  zstd_opt.c
  zstd_ldm.c
  zstdmt_compress.c
  huf_decompress.c
  zstd_decompress.c
  zstd_decompress_block.c
  zstd_ddict.c
  cover.c
  fastcover.c
  divsufsort.c
  zdict.c
  zstd_v01.c
  zstd_v02.c
  zstd_v03.c
  zstd_v04.c
  zstd_v05.c
  zstd_v06.c
  zstd_v07.c
  libzstd.vcxproj -> D:\TFS Workspace\SWork\SD_Project\SRT\winvnc\bin\x64_Release\libzstd_static.lib
